  [4;36;1mSQL (0.2ms)[0m   [0;1m SELECT name
 FROM sqlite_master
 WHERE type = 'table' AND NOT name = 'sqlite_sequence'
[0m
  [4;35;1mSQL (0.1ms)[0m   [0mselect sqlite_version(*)[0m
  [4;36;1mSQL (2.3ms)[0m   [0;1mCREATE TABLE "schema_migrations" ("version" varchar(255) NOT NULL) [0m
  [4;35;1mSQL (1.6ms)[0m   [0mCREATE UNIQUE INDEX "unique_schema_migrations" ON "schema_migrations" ("version")[0m
  [4;36;1mSQL (0.2ms)[0m   [0;1m SELECT name
 FROM sqlite_master
 WHERE type = 'table' AND NOT name = 'sqlite_sequence'
[0m
  [4;35;1mSQL (0.1ms)[0m   [0mSELECT version FROM schema_migrations[0m
Migrating to CreateSurveys (20090912221030)
  [4;36;1mSQL (1.0ms)[0m   [0;1mCREATE TABLE "surveys" ("id" INTEGER PRIMARY KEY AUTOINCREMENT NOT NULL, "first_name" varchar(255), "last_name" varchar(255), "email" varchar(255), "total_score" integer, "rq_score" integer, "created_at" datetime, "updated_at" datetime) [0m
  [4;35;1mSQL (0.2ms)[0m   [0mINSERT INTO schema_migrations (version) VALUES ('20090912221030')[0m
Migrating to CreateCategories (20090912221811)
  [4;36;1mSQL (0.4ms)[0m   [0;1mCREATE TABLE "categories" ("id" INTEGER PRIMARY KEY AUTOINCREMENT NOT NULL, "title" varchar(255), "created_at" datetime, "updated_at" datetime) [0m
  [4;35;1mSQL (0.1ms)[0m   [0mINSERT INTO schema_migrations (version) VALUES ('20090912221811')[0m
Migrating to CreateQuestions (20090912221818)
  [4;36;1mSQL (0.4ms)[0m   [0;1mCREATE TABLE "questions" ("id" INTEGER PRIMARY KEY AUTOINCREMENT NOT NULL, "text" varchar(255), "category_id" integer, "lower_title" varchar(255), "upper_title" varchar(255), "created_at" datetime, "updated_at" datetime) [0m
  [4;35;1mSQL (0.1ms)[0m   [0mINSERT INTO schema_migrations (version) VALUES ('20090912221818')[0m
Migrating to CreateResponses (20090912221824)
  [4;36;1mSQL (0.4ms)[0m   [0;1mCREATE TABLE "responses" ("id" INTEGER PRIMARY KEY AUTOINCREMENT NOT NULL, "survey_id" integer, "question_id" integer, "response" integer, "created_at" datetime, "updated_at" datetime) [0m
  [4;35;1mSQL (0.1ms)[0m   [0mINSERT INTO schema_migrations (version) VALUES ('20090912221824')[0m
  [4;36;1mSQL (0.5ms)[0m   [0;1m SELECT name
 FROM sqlite_master
 WHERE type = 'table' AND NOT name = 'sqlite_sequence'
[0m
  [4;35;1mSQL (0.2ms)[0m   [0mSELECT version FROM schema_migrations[0m
  [4;36;1mSQL (0.4ms)[0m   [0;1m SELECT name
 FROM sqlite_master
 WHERE type = 'table' AND NOT name = 'sqlite_sequence'
[0m
  [4;35;1mSQL (0.1ms)[0m   [0mPRAGMA index_list("categories")[0m
  [4;36;1mSQL (0.1ms)[0m   [0;1mPRAGMA index_list("questions")[0m
  [4;35;1mSQL (0.1ms)[0m   [0mPRAGMA index_list("responses")[0m
  [4;36;1mSQL (0.0ms)[0m   [0;1mPRAGMA index_list("surveys")[0m


Processing ApplicationController#index (for 127.0.0.1 at 2009-09-12 15:44:37) [GET]

ActionController::RoutingError (No route matches "/" with {:method=>:get}):
  

Rendering rescues/layout (not_found)


Processing CategoriesController#index (for 127.0.0.1 at 2009-09-12 15:44:46) [GET]
  [4;36;1mCategory Load (0.5ms)[0m   [0;1mSELECT * FROM "categories" [0m
Rendering categories/index

ActionView::TemplateError (undefined method `title' for #<ActionView::Base:0x2589358>) on line #1 of app/views/categories/index.html.erb:
1: <% title "Categories" %>
2: 
3: <table>
4:   <tr>

    app/views/categories/index.html.erb:1

Rendered rescues/_trace (41.3ms)
Rendered rescues/_request_and_response (1.5ms)
Rendering rescues/layout (internal_server_error)


Processing SurveysController#index (for 127.0.0.1 at 2009-09-12 15:45:02) [GET]
  [4;35;1mSurvey Load (0.4ms)[0m   [0mSELECT * FROM "surveys" [0m
Rendering surveys/index

ActionView::TemplateError (undefined method `title' for #<ActionView::Base:0x2423964>) on line #1 of app/views/surveys/index.html.erb:
1: <% title "Surveys" %>
2: 
3: <table>
4:   <tr>

    app/views/surveys/index.html.erb:1

Rendered rescues/_trace (104.9ms)
Rendered rescues/_request_and_response (0.3ms)
Rendering rescues/layout (internal_server_error)
  [4;36;1mSQL (0.6ms)[0m   [0;1m SELECT name
 FROM sqlite_master
 WHERE type = 'table' AND NOT name = 'sqlite_sequence'
[0m
  [4;35;1mSQL (0.2ms)[0m   [0mSELECT version FROM schema_migrations[0m
Migrating to CreateSurveys (20090912221030)
Migrating to CreateCategories (20090912221811)
Migrating to CreateQuestions (20090912221818)
Migrating to CreateResponses (20090912221824)
  [4;36;1mSQL (0.1ms)[0m   [0;1mselect sqlite_version(*)[0m
  [4;35;1mSQL (0.2ms)[0m   [0m SELECT name
 FROM sqlite_master
 WHERE type = 'table' AND NOT name = 'sqlite_sequence'
[0m
  [4;36;1mSQL (0.2ms)[0m   [0;1mSELECT version FROM schema_migrations[0m
  [4;35;1mSQL (0.2ms)[0m   [0m SELECT name
 FROM sqlite_master
 WHERE type = 'table' AND NOT name = 'sqlite_sequence'
[0m
  [4;36;1mSQL (0.0ms)[0m   [0;1mPRAGMA index_list("categories")[0m
  [4;35;1mSQL (0.1ms)[0m   [0mPRAGMA index_list("questions")[0m
  [4;36;1mSQL (0.0ms)[0m   [0;1mPRAGMA index_list("responses")[0m
  [4;35;1mSQL (0.0ms)[0m   [0mPRAGMA index_list("surveys")[0m


Processing SurveysController#index (for 127.0.0.1 at 2009-09-12 15:45:24) [GET]
  [4;36;1mSurvey Load (0.5ms)[0m   [0;1mSELECT * FROM "surveys" [0m
Rendering surveys/index

ActionView::TemplateError (undefined method `title' for #<ActionView::Base:0x25ebb98>) on line #1 of app/views/surveys/index.html.erb:
1: <% title "Surveys" %>
2: 
3: <table>
4:   <tr>

    app/views/surveys/index.html.erb:1

Rendered rescues/_trace (40.1ms)
Rendered rescues/_request_and_response (1.5ms)
Rendering rescues/layout (internal_server_error)


Processing SurveysController#index (for 127.0.0.1 at 2009-09-12 15:47:14) [GET]
  [4;36;1mSurvey Load (0.5ms)[0m   [0;1mSELECT * FROM "surveys" [0m
Rendering template within layouts/application
Rendering surveys/index
Completed in 21ms (View: 10, DB: 1) | 200 OK [http://localhost/surveys]


Processing ApplicationController#index (for 127.0.0.1 at 2009-09-12 15:47:22) [GET]

ActionController::RoutingError (No route matches "/category" with {:method=>:get}):
  

Rendering rescues/layout (not_found)


Processing CategoriesController#index (for 127.0.0.1 at 2009-09-12 15:47:25) [GET]
  [4;35;1mCategory Load (0.4ms)[0m   [0mSELECT * FROM "categories" [0m
Rendering template within layouts/application
Rendering categories/index
Completed in 12ms (View: 7, DB: 0) | 200 OK [http://localhost/categories]


Processing CategoriesController#new (for 127.0.0.1 at 2009-09-12 15:47:27) [GET]
Rendering template within layouts/application
Rendering categories/new
Rendered categories/_form (31.0ms)
Completed in 43ms (View: 38, DB: 0) | 200 OK [http://localhost/categories/new]


Processing CategoriesController#create (for 127.0.0.1 at 2009-09-12 15:47:51) [POST]
  Parameters: {"category"=>{"title"=>"The Michael Scott Syndrome"}, "commit"=>"Submit", "authenticity_token"=>"x4jpS5K1K3WQRf4+UN8KAwK8rhiRvQfb2cBdpImfBr0="}
  [4;36;1mCategory Create (0.5ms)[0m   [0;1mINSERT INTO "categories" ("updated_at", "title", "created_at") VALUES('2009-09-12 22:47:51', 'The Michael Scott Syndrome', '2009-09-12 22:47:51')[0m
Redirected to http://localhost:3000/categories/1
Completed in 104ms (DB: 0) | 302 Found [http://localhost/categories]


Processing CategoriesController#show (for 127.0.0.1 at 2009-09-12 15:47:51) [GET]
  Parameters: {"id"=>"1"}
  [4;35;1mCategory Load (0.2ms)[0m   [0mSELECT * FROM "categories" WHERE ("categories"."id" = 1) [0m
Rendering template within layouts/application
Rendering categories/show
Completed in 11ms (View: 6, DB: 0) | 200 OK [http://localhost/categories/1]


Processing CategoriesController#index (for 127.0.0.1 at 2009-09-12 15:47:53) [GET]
  [4;36;1mCategory Load (0.5ms)[0m   [0;1mSELECT * FROM "categories" [0m
Rendering template within layouts/application
Rendering categories/index
Completed in 8ms (View: 3, DB: 0) | 200 OK [http://localhost/categories]


Processing CategoriesController#new (for 127.0.0.1 at 2009-09-12 15:47:55) [GET]
Rendering template within layouts/application
Rendering categories/new
Rendered categories/_form (1.8ms)
Completed in 9ms (View: 3, DB: 0) | 200 OK [http://localhost/categories/new]


Processing CategoriesController#create (for 127.0.0.1 at 2009-09-12 15:48:04) [POST]
  Parameters: {"category"=>{"title"=>"The Story Collector"}, "commit"=>"Submit", "authenticity_token"=>"x4jpS5K1K3WQRf4+UN8KAwK8rhiRvQfb2cBdpImfBr0="}
  [4;35;1mCategory Create (0.4ms)[0m   [0mINSERT INTO "categories" ("updated_at", "title", "created_at") VALUES('2009-09-12 22:48:04', 'The Story Collector', '2009-09-12 22:48:04')[0m
Redirected to http://localhost:3000/categories/2
Completed in 11ms (DB: 0) | 302 Found [http://localhost/categories]


Processing CategoriesController#show (for 127.0.0.1 at 2009-09-12 15:48:04) [GET]
  Parameters: {"id"=>"2"}
  [4;36;1mCategory Load (0.2ms)[0m   [0;1mSELECT * FROM "categories" WHERE ("categories"."id" = 2) [0m
Rendering template within layouts/application
Rendering categories/show
Completed in 8ms (View: 2, DB: 0) | 200 OK [http://localhost/categories/2]


Processing CategoriesController#index (for 127.0.0.1 at 2009-09-12 15:48:30) [GET]
  [4;35;1mCategory Load (0.5ms)[0m   [0mSELECT * FROM "categories" [0m
Rendering template within layouts/application
Rendering categories/index
Completed in 8ms (View: 4, DB: 1) | 200 OK [http://localhost/categories]


Processing CategoriesController#new (for 127.0.0.1 at 2009-09-12 15:48:34) [GET]
Rendering template within layouts/application
Rendering categories/new
Rendered categories/_form (1.6ms)
Completed in 7ms (View: 3, DB: 0) | 200 OK [http://localhost/categories/new]


Processing CategoriesController#create (for 127.0.0.1 at 2009-09-12 15:48:40) [POST]
  Parameters: {"category"=>{"title"=>"The Energy Carrier"}, "commit"=>"Submit", "authenticity_token"=>"x4jpS5K1K3WQRf4+UN8KAwK8rhiRvQfb2cBdpImfBr0="}
  [4;36;1mCategory Create (0.4ms)[0m   [0;1mINSERT INTO "categories" ("updated_at", "title", "created_at") VALUES('2009-09-12 22:48:40', 'The Energy Carrier', '2009-09-12 22:48:40')[0m
Redirected to http://localhost:3000/categories/3
Completed in 10ms (DB: 0) | 302 Found [http://localhost/categories]


Processing CategoriesController#show (for 127.0.0.1 at 2009-09-12 15:48:40) [GET]
  Parameters: {"id"=>"3"}
  [4;35;1mCategory Load (0.2ms)[0m   [0mSELECT * FROM "categories" WHERE ("categories"."id" = 3) [0m
Rendering template within layouts/application
Rendering categories/show
Completed in 7ms (View: 2, DB: 0) | 200 OK [http://localhost/categories/3]


Processing CategoriesController#index (for 127.0.0.1 at 2009-09-12 15:50:59) [GET]
  [4;36;1mCategory Load (0.6ms)[0m   [0;1mSELECT * FROM "categories" [0m
Rendering template within layouts/application
Rendering categories/index
Completed in 9ms (View: 4, DB: 1) | 200 OK [http://localhost/categories]
